------------ ------ ------------
Name         Type   Line Numbers
------------ ------ -------------
printf¼      undef    13 
printf¼      undef    10 
a            undef    17   21 
aµ¼          undef    14 
a¼          undef    12 
a€¼          undef    11 
a€¼          undef     9 
a€¼          undef     8 
a*¼          undef     6 
f*¼          undef     5 
x            undef    14   17   21 
x€¼          undef    12 
x€¼          undef    11 
x€¼          undef     9 
x€¼          undef     8 
x*¼          undef     7 
x*¼          undef     4 
mainˆ¼      undef     3 
